<?xml version="1.0" encoding="UTF-8"?>
<testng-results ignored="0" total="1" passed="1" failed="0" skipped="0">
  <reporter-output>
  </reporter-output>
  <suite started-at="2024-01-24T16:49:46 IST" name="practice" finished-at="2024-01-24T16:50:01 IST" duration-ms="14570">
    <groups>
    </groups>
    <test started-at="2024-01-24T16:49:46 IST" name="Test" finished-at="2024-01-24T16:50:01 IST" duration-ms="14570">
      <class name="seltestqspider.implicitwait">
        <test-method signature="test()[pri:0, instance:seltestqspider.implicitwait@6973b51b]" started-at="2024-01-24T16:49:46 IST" name="test" finished-at="2024-01-24T16:50:01 IST" duration-ms="14463" status="PASS">
          <reporter-output>
          </reporter-output>
        </test-method> <!-- test -->
      </class> <!-- seltestqspider.implicitwait -->
    </test> <!-- Test -->
  </suite> <!-- practice -->
</testng-results>
